<?xml version="1.0" encoding="UTF-8"?>
<!-- Generated by org.testng.reporters.JUnitReportReporter -->
<testsuite hostname="Fahads-MBP" name="com.sogeti.regressiontests.ContactUsForm" tests="1" failures="0" timestamp="18 Jan 2021 10:37:39 GMT" time="7.694" errors="0">
  <testcase name="TestCase2" time="7.694" classname="com.sogeti.regressiontests.ContactUsForm"/>
</testsuite> <!-- com.sogeti.regressiontests.ContactUsForm -->
