<?xml version="1.0" encoding="UTF-8"?>
<!-- Generated by org.testng.reporters.JUnitReportReporter -->
<testsuite hostname="Fahads-MBP" name="com.sogeti.regressiontests.SogetiServicesTestCase1" tests="1" failures="0" timestamp="18 Jan 2021 07:38:12 GMT" time="3.406" errors="0">
  <testcase name="TestCase1" time="3.406" classname="com.sogeti.regressiontests.SogetiServicesTestCase1"/>
</testsuite> <!-- com.sogeti.regressiontests.SogetiServicesTestCase1 -->
