<?xml version="1.0" encoding="UTF-8"?>
<!-- Generated by org.testng.reporters.JUnitReportReporter -->
<testsuite hostname="Fahads-MBP" name="com.sogeti.regressiontests.GoogleTest" tests="1" failures="0" timestamp="17 Jan 2021 21:01:27 GMT" time="0.094" errors="0">
  <testcase name="verifySearchButton" time="0.094" classname="com.sogeti.regressiontests.GoogleTest"/>
</testsuite> <!-- com.sogeti.regressiontests.GoogleTest -->
